<?xml version="1.0" encoding="UTF-8"?>
<!-- Generated by org.testng.reporters.JUnitReportReporter -->
<testsuite hostname="VILLARREALA" failures="0" tests="1" name="tests.ActionsTest" time="20.992" errors="0" timestamp="2020-12-16T13:11:18 CST" skipped="0">
  <testcase classname="tests.ActionsTest" name="clickOnSettingsOption" time="20.992"/>
  <system-out/>
</testsuite> <!-- tests.ActionsTest -->
