<?xml version="1.0" encoding="UTF-8"?>
<!-- Generated by org.testng.reporters.JUnitReportReporter -->
<testsuite hostname="VILLARREALA" failures="0" tests="2" name="tests.LoginTest" time="43.853" errors="0" timestamp="2020-12-16T10:39:04 CST" skipped="0">
  <testcase classname="tests.LoginTest" name="signInSuccess" time="23.423"/>
  <system-out/>
  <testcase classname="tests.LoginTest" name="signInFailed" time="20.430"/>
  <system-out/>
</testsuite> <!-- tests.LoginTest -->
