<?xml version="1.0" encoding="UTF-8"?>
<!-- Generated by org.testng.reporters.JUnitReportReporter -->
<testsuite hostname="VILLARREALA" failures="0" tests="5" name="tests.LoginTest" time="80.638" errors="0" timestamp="2020-12-16T13:11:18 CST" skipped="0">
  <testcase classname="tests.LoginTest" name="signInFailed" time="20.468"/>
  <system-out/>
  <testcase classname="tests.LoginTest" name="invalidEmail" time="21.793"/>
  <system-out/>
  <testcase classname="tests.LoginTest" name="invalidUserPassword" time="1.906"/>
  <system-out/>
  <testcase classname="tests.LoginTest" name="checkForgotPasswordLink" time="0.022"/>
  <system-out/>
  <testcase classname="tests.LoginTest" name="signInSuccess" time="36.449"/>
  <system-out/>
</testsuite> <!-- tests.LoginTest -->
