<?xml version="1.0" encoding="UTF-8"?>
<!-- Generated by org.testng.reporters.JUnitReportReporter -->
<testsuite hostname="VILLARREALA" failures="0" tests="2" name="tests.LoginTest" time="6.906" errors="0" timestamp="2020-12-16T00:10:47 CST" skipped="0">
  <testcase classname="tests.LoginTest" name="signInSuccess" time="3.534"/>
  <system-out/>
  <testcase classname="tests.LoginTest" name="signInFailed" time="3.372"/>
  <system-out/>
</testsuite> <!-- tests.LoginTest -->
