<?xml version="1.0" encoding="UTF-8"?>
<!-- Generated by org.testng.reporters.JUnitReportReporter -->
<testsuite hostname="VILLARREALA" failures="0" tests="1" name="tests.ActionsTest" time="30.792" errors="0" timestamp="2020-12-16T05:40:34 CST" skipped="0">
  <testcase classname="tests.ActionsTest" name="clickOnSettingsOption" time="30.792"/>
  <system-out/>
</testsuite> <!-- tests.ActionsTest -->
